<?xml version="1.0" encoding="UTF-8"?>
<!-- Generated by org.testng.reporters.JUnitReportReporter -->
<testsuite hostname="PHX440G3-28160Q" name="SomthigntoTEST" tests="1" failures="0" timestamp="6 Jun 2019 16:41:39 GMT" time="0.001" errors="0">
  <testcase name="hello" time="0.001" classname="SomthigntoTEST"/>
</testsuite> <!-- SomthigntoTEST -->
